2025-05-10T01:42:43.832-05:00  INFO 22724 --- [WideGreenApi] [restartedMain] c.u.w.WideGreenApiApplication            : Starting WideGreenApiApplication using Java 24 with PID 22724 (C:\Users\Gabriel\WideGreenApi\target\classes started by Gabriel in C:\Users\Gabriel\WideGreenApi)
2025-05-10T01:42:43.836-05:00  INFO 22724 --- [WideGreenApi] [restartedMain] c.u.w.WideGreenApiApplication            : No active profile set, falling back to 1 default profile: "default"
2025-05-10T01:42:43.879-05:00  INFO 22724 --- [WideGreenApi] [restartedMain] .e.DevToolsPropertyDefaultsPostProcessor : Devtools property defaults active! Set 'spring.devtools.add-properties' to 'false' to disable
2025-05-10T01:42:43.879-05:00  INFO 22724 --- [WideGreenApi] [restartedMain] .e.DevToolsPropertyDefaultsPostProcessor : For additional web related logging consider setting the 'logging.level.web' property to 'DEBUG'
2025-05-10T01:42:45.330-05:00  INFO 22724 --- [WideGreenApi] [restartedMain] .s.d.r.c.RepositoryConfigurationDelegate : Bootstrapping Spring Data JPA repositories in DEFAULT mode.
2025-05-10T01:42:45.395-05:00  INFO 22724 --- [WideGreenApi] [restartedMain] .s.d.r.c.RepositoryConfigurationDelegate : Finished Spring Data repository scanning in 58 ms. Found 11 JPA repository interfaces.
2025-05-10T01:42:45.867-05:00  INFO 22724 --- [WideGreenApi] [restartedMain] o.s.b.w.embedded.tomcat.TomcatWebServer  : Tomcat initialized with port 8080 (http)
2025-05-10T01:42:45.879-05:00  INFO 22724 --- [WideGreenApi] [restartedMain] o.apache.catalina.core.StandardService   : Starting service [Tomcat]
2025-05-10T01:42:45.880-05:00  INFO 22724 --- [WideGreenApi] [restartedMain] o.apache.catalina.core.StandardEngine    : Starting Servlet engine: [Apache Tomcat/10.1.40]
2025-05-10T01:42:45.918-05:00  INFO 22724 --- [WideGreenApi] [restartedMain] o.a.c.c.C.[Tomcat].[localhost].[/]       : Initializing Spring embedded WebApplicationContext
2025-05-10T01:42:45.918-05:00  INFO 22724 --- [WideGreenApi] [restartedMain] w.s.c.ServletWebServerApplicationContext : Root WebApplicationContext: initialization completed in 2038 ms
2025-05-10T01:42:46.032-05:00  INFO 22724 --- [WideGreenApi] [restartedMain] o.hibernate.jpa.internal.util.LogHelper  : HHH000204: Processing PersistenceUnitInfo [name: default]
2025-05-10T01:42:46.089-05:00  INFO 22724 --- [WideGreenApi] [restartedMain] org.hibernate.Version                    : HHH000412: Hibernate ORM core version 6.6.13.Final
2025-05-10T01:42:46.133-05:00  INFO 22724 --- [WideGreenApi] [restartedMain] o.h.c.internal.RegionFactoryInitiator    : HHH000026: Second-level cache disabled
2025-05-10T01:42:46.409-05:00  INFO 22724 --- [WideGreenApi] [restartedMain] o.s.o.j.p.SpringPersistenceUnitInfo      : No LoadTimeWeaver setup: ignoring JPA class transformer
2025-05-10T01:42:46.436-05:00  INFO 22724 --- [WideGreenApi] [restartedMain] com.zaxxer.hikari.HikariDataSource       : HikariPool-1 - Starting...
2025-05-10T01:42:46.634-05:00  INFO 22724 --- [WideGreenApi] [restartedMain] com.zaxxer.hikari.pool.HikariPool        : HikariPool-1 - Added connection org.postgresql.jdbc.PgConnection@44b635be
2025-05-10T01:42:46.636-05:00  INFO 22724 --- [WideGreenApi] [restartedMain] com.zaxxer.hikari.HikariDataSource       : HikariPool-1 - Start completed.
2025-05-10T01:42:46.698-05:00  WARN 22724 --- [WideGreenApi] [restartedMain] org.hibernate.orm.deprecation            : HHH90000025: PostgreSQLDialect does not need to be specified explicitly using 'hibernate.dialect' (remove the property setting and it will be selected by default)
2025-05-10T01:42:46.715-05:00  INFO 22724 --- [WideGreenApi] [restartedMain] org.hibernate.orm.connections.pooling    : HHH10001005: Database info:
	Database JDBC URL [Connecting through datasource 'HikariDataSource (HikariPool-1)']
	Database driver: undefined/unknown
	Database version: 17.4
	Autocommit mode: undefined/unknown
	Isolation level: undefined/unknown
	Minimum pool size: undefined/unknown
	Maximum pool size: undefined/unknown
2025-05-10T01:42:47.755-05:00  INFO 22724 --- [WideGreenApi] [restartedMain] o.h.e.t.j.p.i.JtaPlatformInitiator       : HHH000489: No JTA platform available (set 'hibernate.transaction.jta.platform' to enable JTA platform integration)
2025-05-10T01:42:49.061-05:00  INFO 22724 --- [WideGreenApi] [restartedMain] j.LocalContainerEntityManagerFactoryBean : Initialized JPA EntityManagerFactory for persistence unit 'default'
2025-05-10T01:42:49.447-05:00  INFO 22724 --- [WideGreenApi] [restartedMain] r$InitializeUserDetailsManagerConfigurer : Global AuthenticationManager configured with UserDetailsService bean with name customUserDetailsService
2025-05-10T01:42:49.595-05:00  WARN 22724 --- [WideGreenApi] [restartedMain] JpaBaseConfiguration$JpaWebConfiguration : spring.jpa.open-in-view is enabled by default. Therefore, database queries may be performed during view rendering. Explicitly configure spring.jpa.open-in-view to disable this warning
2025-05-10T01:42:49.769-05:00 DEBUG 22724 --- [WideGreenApi] [restartedMain] s.w.s.m.m.a.RequestMappingHandlerMapping : 46 mappings in 'requestMappingHandlerMapping'
2025-05-10T01:42:49.828-05:00 DEBUG 22724 --- [WideGreenApi] [restartedMain] o.s.w.s.handler.SimpleUrlHandlerMapping  : Patterns [/webjars/**, /**, /swagger-ui*/*swagger-initializer.js, /swagger-ui*/**] in 'resourceHandlerMapping'
2025-05-10T01:42:49.855-05:00 DEBUG 22724 --- [WideGreenApi] [restartedMain] o.s.s.web.DefaultSecurityFilterChain     : Will secure any request with filters: DisableEncodeUrlFilter, WebAsyncManagerIntegrationFilter, SecurityContextHolderFilter, HeaderWriterFilter, LogoutFilter, JwtFilter, RequestCacheAwareFilter, SecurityContextHolderAwareRequestFilter, AnonymousAuthenticationFilter, ExceptionTranslationFilter, AuthorizationFilter
2025-05-10T01:42:49.877-05:00  INFO 22724 --- [WideGreenApi] [restartedMain] o.s.v.b.OptionalValidatorFactoryBean     : Failed to set up a Bean Validation provider: jakarta.validation.NoProviderFoundException: Unable to create a Configuration, because no Jakarta Bean Validation provider could be found. Add a provider like Hibernate Validator (RI) to your classpath.
2025-05-10T01:42:49.907-05:00 DEBUG 22724 --- [WideGreenApi] [restartedMain] s.w.s.m.m.a.RequestMappingHandlerAdapter : ControllerAdvice beans: 0 @ModelAttribute, 0 @InitBinder, 1 RequestBodyAdvice, 1 ResponseBodyAdvice
2025-05-10T01:42:49.944-05:00 DEBUG 22724 --- [WideGreenApi] [restartedMain] .m.m.a.ExceptionHandlerExceptionResolver : ControllerAdvice beans: 2 @ExceptionHandler, 1 ResponseBodyAdvice
2025-05-10T01:42:50.100-05:00  INFO 22724 --- [WideGreenApi] [restartedMain] o.s.b.d.a.OptionalLiveReloadServer       : LiveReload server is running on port 35729
2025-05-10T01:42:50.128-05:00  INFO 22724 --- [WideGreenApi] [restartedMain] o.s.b.w.embedded.tomcat.TomcatWebServer  : Tomcat started on port 8080 (http) with context path '/'
2025-05-10T01:42:50.136-05:00  INFO 22724 --- [WideGreenApi] [restartedMain] c.u.w.WideGreenApiApplication            : Started WideGreenApiApplication in 6.675 seconds (process running for 7.657)
2025-05-10T01:43:00.535-05:00  INFO 22724 --- [WideGreenApi] [http-nio-8080-exec-3] o.a.c.c.C.[Tomcat].[localhost].[/]       : Initializing Spring DispatcherServlet 'dispatcherServlet'
2025-05-10T01:43:00.535-05:00  INFO 22724 --- [WideGreenApi] [http-nio-8080-exec-3] o.s.web.servlet.DispatcherServlet        : Initializing Servlet 'dispatcherServlet'
2025-05-10T01:43:00.536-05:00 DEBUG 22724 --- [WideGreenApi] [http-nio-8080-exec-3] o.s.web.servlet.DispatcherServlet        : Detected StandardServletMultipartResolver
2025-05-10T01:43:00.536-05:00 DEBUG 22724 --- [WideGreenApi] [http-nio-8080-exec-3] o.s.web.servlet.DispatcherServlet        : Detected AcceptHeaderLocaleResolver
2025-05-10T01:43:00.536-05:00 DEBUG 22724 --- [WideGreenApi] [http-nio-8080-exec-3] o.s.web.servlet.DispatcherServlet        : Detected FixedThemeResolver
2025-05-10T01:43:00.536-05:00 DEBUG 22724 --- [WideGreenApi] [http-nio-8080-exec-3] o.s.web.servlet.DispatcherServlet        : Detected org.springframework.web.servlet.view.DefaultRequestToViewNameTranslator@74e58d1
2025-05-10T01:43:00.537-05:00 DEBUG 22724 --- [WideGreenApi] [http-nio-8080-exec-3] o.s.web.servlet.DispatcherServlet        : Detected org.springframework.web.servlet.support.SessionFlashMapManager@529ca168
2025-05-10T01:43:00.537-05:00 DEBUG 22724 --- [WideGreenApi] [http-nio-8080-exec-3] o.s.web.servlet.DispatcherServlet        : enableLoggingRequestDetails='false': request parameters and headers will be masked to prevent unsafe logging of potentially sensitive data
2025-05-10T01:43:00.537-05:00  INFO 22724 --- [WideGreenApi] [http-nio-8080-exec-3] o.s.web.servlet.DispatcherServlet        : Completed initialization in 1 ms
2025-05-10T01:43:00.555-05:00 DEBUG 22724 --- [WideGreenApi] [http-nio-8080-exec-3] o.s.security.web.FilterChainProxy        : Securing GET /swagger-ui/index.html
2025-05-10T01:43:00.562-05:00 DEBUG 22724 --- [WideGreenApi] [http-nio-8080-exec-3] o.s.security.web.FilterChainProxy        : Secured GET /swagger-ui/index.html
2025-05-10T01:43:00.564-05:00 DEBUG 22724 --- [WideGreenApi] [http-nio-8080-exec-3] o.s.web.servlet.DispatcherServlet        : GET "/swagger-ui/index.html", parameters={}
2025-05-10T01:43:00.566-05:00 DEBUG 22724 --- [WideGreenApi] [http-nio-8080-exec-3] o.s.w.s.handler.SimpleUrlHandlerMapping  : Mapped to ResourceHttpRequestHandler [classpath [META-INF/resources/webjars/]]
2025-05-10T01:43:00.587-05:00 DEBUG 22724 --- [WideGreenApi] [http-nio-8080-exec-3] o.s.web.servlet.DispatcherServlet        : Completed 304 NOT_MODIFIED
2025-05-10T01:43:00.589-05:00 DEBUG 22724 --- [WideGreenApi] [http-nio-8080-exec-3] o.s.s.w.a.AnonymousAuthenticationFilter  : Set SecurityContextHolder to anonymous SecurityContext
2025-05-10T01:43:00.620-05:00 DEBUG 22724 --- [WideGreenApi] [http-nio-8080-exec-1] o.s.security.web.FilterChainProxy        : Securing GET /swagger-ui/swagger-ui-bundle.js
2025-05-10T01:43:00.620-05:00 DEBUG 22724 --- [WideGreenApi] [http-nio-8080-exec-2] o.s.security.web.FilterChainProxy        : Securing GET /swagger-ui/swagger-initializer.js
2025-05-10T01:43:00.620-05:00 DEBUG 22724 --- [WideGreenApi] [http-nio-8080-exec-4] o.s.security.web.FilterChainProxy        : Securing GET /swagger-ui/swagger-ui-standalone-preset.js
2025-05-10T01:43:00.621-05:00 DEBUG 22724 --- [WideGreenApi] [http-nio-8080-exec-2] o.s.security.web.FilterChainProxy        : Secured GET /swagger-ui/swagger-initializer.js
2025-05-10T01:43:00.621-05:00 DEBUG 22724 --- [WideGreenApi] [http-nio-8080-exec-1] o.s.security.web.FilterChainProxy        : Secured GET /swagger-ui/swagger-ui-bundle.js
2025-05-10T01:43:00.621-05:00 DEBUG 22724 --- [WideGreenApi] [http-nio-8080-exec-4] o.s.security.web.FilterChainProxy        : Secured GET /swagger-ui/swagger-ui-standalone-preset.js
2025-05-10T01:43:00.621-05:00 DEBUG 22724 --- [WideGreenApi] [http-nio-8080-exec-4] o.s.web.servlet.DispatcherServlet        : GET "/swagger-ui/swagger-ui-standalone-preset.js", parameters={}
2025-05-10T01:43:00.621-05:00 DEBUG 22724 --- [WideGreenApi] [http-nio-8080-exec-1] o.s.web.servlet.DispatcherServlet        : GET "/swagger-ui/swagger-ui-bundle.js", parameters={}
2025-05-10T01:43:00.621-05:00 DEBUG 22724 --- [WideGreenApi] [http-nio-8080-exec-2] o.s.web.servlet.DispatcherServlet        : GET "/swagger-ui/swagger-initializer.js", parameters={}
2025-05-10T01:43:00.622-05:00 DEBUG 22724 --- [WideGreenApi] [http-nio-8080-exec-4] o.s.w.s.handler.SimpleUrlHandlerMapping  : Mapped to ResourceHttpRequestHandler [classpath [META-INF/resources/webjars/]]
2025-05-10T01:43:00.622-05:00 DEBUG 22724 --- [WideGreenApi] [http-nio-8080-exec-1] o.s.w.s.handler.SimpleUrlHandlerMapping  : Mapped to ResourceHttpRequestHandler [classpath [META-INF/resources/webjars/]]
2025-05-10T01:43:00.622-05:00 DEBUG 22724 --- [WideGreenApi] [http-nio-8080-exec-2] o.s.w.s.handler.SimpleUrlHandlerMapping  : Mapped to ResourceHttpRequestHandler [classpath [META-INF/resources/webjars/]]
2025-05-10T01:43:00.637-05:00 DEBUG 22724 --- [WideGreenApi] [http-nio-8080-exec-4] o.s.web.servlet.DispatcherServlet        : Completed 200 OK
2025-05-10T01:43:00.637-05:00 DEBUG 22724 --- [WideGreenApi] [http-nio-8080-exec-4] o.s.s.w.a.AnonymousAuthenticationFilter  : Set SecurityContextHolder to anonymous SecurityContext
2025-05-10T01:43:00.645-05:00 DEBUG 22724 --- [WideGreenApi] [http-nio-8080-exec-1] o.s.web.servlet.DispatcherServlet        : Completed 200 OK
2025-05-10T01:43:00.645-05:00 DEBUG 22724 --- [WideGreenApi] [http-nio-8080-exec-1] o.s.s.w.a.AnonymousAuthenticationFilter  : Set SecurityContextHolder to anonymous SecurityContext
2025-05-10T01:43:00.657-05:00 DEBUG 22724 --- [WideGreenApi] [http-nio-8080-exec-2] o.s.web.servlet.DispatcherServlet        : Completed 200 OK
2025-05-10T01:43:00.658-05:00 DEBUG 22724 --- [WideGreenApi] [http-nio-8080-exec-2] o.s.s.w.a.AnonymousAuthenticationFilter  : Set SecurityContextHolder to anonymous SecurityContext
2025-05-10T01:43:00.858-05:00 DEBUG 22724 --- [WideGreenApi] [http-nio-8080-exec-5] o.s.security.web.FilterChainProxy        : Securing GET /v3/api-docs/swagger-config
2025-05-10T01:43:00.859-05:00 DEBUG 22724 --- [WideGreenApi] [http-nio-8080-exec-5] o.s.security.web.FilterChainProxy        : Secured GET /v3/api-docs/swagger-config
2025-05-10T01:43:00.859-05:00 DEBUG 22724 --- [WideGreenApi] [http-nio-8080-exec-5] o.s.web.servlet.DispatcherServlet        : GET "/v3/api-docs/swagger-config", parameters={}
2025-05-10T01:43:00.860-05:00 DEBUG 22724 --- [WideGreenApi] [http-nio-8080-exec-5] s.w.s.m.m.a.RequestMappingHandlerMapping : Mapped to org.springdoc.webmvc.ui.SwaggerConfigResource#openapiJson(HttpServletRequest)
2025-05-10T01:43:00.881-05:00 DEBUG 22724 --- [WideGreenApi] [http-nio-8080-exec-5] m.m.a.RequestResponseBodyMethodProcessor : Using 'application/json', given [*/*] and supported [application/json]
2025-05-10T01:43:00.900-05:00 DEBUG 22724 --- [WideGreenApi] [http-nio-8080-exec-5] m.m.a.RequestResponseBodyMethodProcessor : Writing [{configUrl=/v3/api-docs/swagger-config, oauth2RedirectUrl=http://localhost:8080/swagger-ui/oauth2-re (truncated)...]
2025-05-10T01:43:00.906-05:00 DEBUG 22724 --- [WideGreenApi] [http-nio-8080-exec-5] o.s.web.servlet.DispatcherServlet        : Completed 200 OK
2025-05-10T01:43:00.906-05:00 DEBUG 22724 --- [WideGreenApi] [http-nio-8080-exec-5] o.s.s.w.a.AnonymousAuthenticationFilter  : Set SecurityContextHolder to anonymous SecurityContext
2025-05-10T01:43:00.924-05:00 DEBUG 22724 --- [WideGreenApi] [http-nio-8080-exec-6] o.s.security.web.FilterChainProxy        : Securing GET /v3/api-docs
2025-05-10T01:43:00.924-05:00 DEBUG 22724 --- [WideGreenApi] [http-nio-8080-exec-6] o.s.security.web.FilterChainProxy        : Secured GET /v3/api-docs
2025-05-10T01:43:00.924-05:00 DEBUG 22724 --- [WideGreenApi] [http-nio-8080-exec-6] o.s.web.servlet.DispatcherServlet        : GET "/v3/api-docs", parameters={}
2025-05-10T01:43:00.925-05:00 DEBUG 22724 --- [WideGreenApi] [http-nio-8080-exec-6] s.w.s.m.m.a.RequestMappingHandlerMapping : Mapped to org.springdoc.webmvc.api.OpenApiWebMvcResource#openapiJson(HttpServletRequest, String, Locale)
2025-05-10T01:43:01.109-05:00 DEBUG 22724 --- [WideGreenApi] [http-nio-8080-exec-6] .m.m.a.ExceptionHandlerExceptionResolver : Using @ExceptionHandler com.upc.widegreenapi.controller.GlobalExceptionHandler#handleGenericException(Exception)
2025-05-10T01:43:01.111-05:00 DEBUG 22724 --- [WideGreenApi] [http-nio-8080-exec-6] o.s.w.s.m.m.a.HttpEntityMethodProcessor  : Using 'application/json', given [application/json, */*] and supported [text/plain, */*, application/json, application/*+json, application/yaml]
2025-05-10T01:43:01.112-05:00 DEBUG 22724 --- [WideGreenApi] [http-nio-8080-exec-6] o.s.w.s.m.m.a.HttpEntityMethodProcessor  : Writing ["Ocurrió un error inesperado"]
2025-05-10T01:43:01.112-05:00  WARN 22724 --- [WideGreenApi] [http-nio-8080-exec-6] .m.m.a.ExceptionHandlerExceptionResolver : Resolved [jakarta.servlet.ServletException: Handler dispatch failed: java.lang.NoSuchMethodError: 'void org.springframework.web.method.ControllerAdviceBean.<init>(java.lang.Object)']
2025-05-10T01:43:01.113-05:00 DEBUG 22724 --- [WideGreenApi] [http-nio-8080-exec-6] o.s.web.servlet.DispatcherServlet        : Completed 500 INTERNAL_SERVER_ERROR
2025-05-10T01:43:01.113-05:00 DEBUG 22724 --- [WideGreenApi] [http-nio-8080-exec-6] o.s.s.w.a.AnonymousAuthenticationFilter  : Set SecurityContextHolder to anonymous SecurityContext
2025-05-10T01:43:07.551-05:00 DEBUG 22724 --- [WideGreenApi] [http-nio-8080-exec-7] o.s.security.web.FilterChainProxy        : Securing GET /swagger-ui/index.html
2025-05-10T01:43:07.551-05:00 DEBUG 22724 --- [WideGreenApi] [http-nio-8080-exec-7] o.s.security.web.FilterChainProxy        : Secured GET /swagger-ui/index.html
2025-05-10T01:43:07.552-05:00 DEBUG 22724 --- [WideGreenApi] [http-nio-8080-exec-7] o.s.web.servlet.DispatcherServlet        : GET "/swagger-ui/index.html", parameters={}
2025-05-10T01:43:07.552-05:00 DEBUG 22724 --- [WideGreenApi] [http-nio-8080-exec-7] o.s.w.s.handler.SimpleUrlHandlerMapping  : Mapped to ResourceHttpRequestHandler [classpath [META-INF/resources/webjars/]]
2025-05-10T01:43:07.553-05:00 DEBUG 22724 --- [WideGreenApi] [http-nio-8080-exec-7] o.s.web.servlet.DispatcherServlet        : Completed 304 NOT_MODIFIED
2025-05-10T01:43:07.554-05:00 DEBUG 22724 --- [WideGreenApi] [http-nio-8080-exec-7] o.s.s.w.a.AnonymousAuthenticationFilter  : Set SecurityContextHolder to anonymous SecurityContext
2025-05-10T01:43:07.568-05:00 DEBUG 22724 --- [WideGreenApi] [http-nio-8080-exec-8] o.s.security.web.FilterChainProxy        : Securing GET /swagger-ui/swagger-ui-bundle.js
2025-05-10T01:43:07.568-05:00 DEBUG 22724 --- [WideGreenApi] [http-nio-8080-exec-9] o.s.security.web.FilterChainProxy        : Securing GET /swagger-ui/swagger-ui-standalone-preset.js
2025-05-10T01:43:07.568-05:00 DEBUG 22724 --- [WideGreenApi] [http-nio-8080-exec-10] o.s.security.web.FilterChainProxy        : Securing GET /swagger-ui/swagger-initializer.js
2025-05-10T01:43:07.569-05:00 DEBUG 22724 --- [WideGreenApi] [http-nio-8080-exec-10] o.s.security.web.FilterChainProxy        : Secured GET /swagger-ui/swagger-initializer.js
2025-05-10T01:43:07.569-05:00 DEBUG 22724 --- [WideGreenApi] [http-nio-8080-exec-8] o.s.security.web.FilterChainProxy        : Secured GET /swagger-ui/swagger-ui-bundle.js
2025-05-10T01:43:07.569-05:00 DEBUG 22724 --- [WideGreenApi] [http-nio-8080-exec-9] o.s.security.web.FilterChainProxy        : Secured GET /swagger-ui/swagger-ui-standalone-preset.js
2025-05-10T01:43:07.569-05:00 DEBUG 22724 --- [WideGreenApi] [http-nio-8080-exec-10] o.s.web.servlet.DispatcherServlet        : GET "/swagger-ui/swagger-initializer.js", parameters={}
2025-05-10T01:43:07.569-05:00 DEBUG 22724 --- [WideGreenApi] [http-nio-8080-exec-8] o.s.web.servlet.DispatcherServlet        : GET "/swagger-ui/swagger-ui-bundle.js", parameters={}
2025-05-10T01:43:07.569-05:00 DEBUG 22724 --- [WideGreenApi] [http-nio-8080-exec-9] o.s.web.servlet.DispatcherServlet        : GET "/swagger-ui/swagger-ui-standalone-preset.js", parameters={}
2025-05-10T01:43:07.569-05:00 DEBUG 22724 --- [WideGreenApi] [http-nio-8080-exec-10] o.s.w.s.handler.SimpleUrlHandlerMapping  : Mapped to ResourceHttpRequestHandler [classpath [META-INF/resources/webjars/]]
2025-05-10T01:43:07.569-05:00 DEBUG 22724 --- [WideGreenApi] [http-nio-8080-exec-9] o.s.w.s.handler.SimpleUrlHandlerMapping  : Mapped to ResourceHttpRequestHandler [classpath [META-INF/resources/webjars/]]
2025-05-10T01:43:07.569-05:00 DEBUG 22724 --- [WideGreenApi] [http-nio-8080-exec-8] o.s.w.s.handler.SimpleUrlHandlerMapping  : Mapped to ResourceHttpRequestHandler [classpath [META-INF/resources/webjars/]]
2025-05-10T01:43:07.571-05:00 DEBUG 22724 --- [WideGreenApi] [http-nio-8080-exec-10] o.s.web.servlet.DispatcherServlet        : Completed 200 OK
2025-05-10T01:43:07.572-05:00 DEBUG 22724 --- [WideGreenApi] [http-nio-8080-exec-10] o.s.s.w.a.AnonymousAuthenticationFilter  : Set SecurityContextHolder to anonymous SecurityContext
2025-05-10T01:43:07.574-05:00 DEBUG 22724 --- [WideGreenApi] [http-nio-8080-exec-9] o.s.web.servlet.DispatcherServlet        : Completed 200 OK
2025-05-10T01:43:07.574-05:00 DEBUG 22724 --- [WideGreenApi] [http-nio-8080-exec-9] o.s.s.w.a.AnonymousAuthenticationFilter  : Set SecurityContextHolder to anonymous SecurityContext
2025-05-10T01:43:07.580-05:00 DEBUG 22724 --- [WideGreenApi] [http-nio-8080-exec-8] o.s.web.servlet.DispatcherServlet        : Completed 200 OK
2025-05-10T01:43:07.580-05:00 DEBUG 22724 --- [WideGreenApi] [http-nio-8080-exec-8] o.s.s.w.a.AnonymousAuthenticationFilter  : Set SecurityContextHolder to anonymous SecurityContext
2025-05-10T01:43:07.670-05:00 DEBUG 22724 --- [WideGreenApi] [http-nio-8080-exec-3] o.s.security.web.FilterChainProxy        : Securing GET /v3/api-docs/swagger-config
2025-05-10T01:43:07.671-05:00 DEBUG 22724 --- [WideGreenApi] [http-nio-8080-exec-3] o.s.security.web.FilterChainProxy        : Secured GET /v3/api-docs/swagger-config
2025-05-10T01:43:07.671-05:00 DEBUG 22724 --- [WideGreenApi] [http-nio-8080-exec-3] o.s.web.servlet.DispatcherServlet        : GET "/v3/api-docs/swagger-config", parameters={}
2025-05-10T01:43:07.671-05:00 DEBUG 22724 --- [WideGreenApi] [http-nio-8080-exec-3] s.w.s.m.m.a.RequestMappingHandlerMapping : Mapped to org.springdoc.webmvc.ui.SwaggerConfigResource#openapiJson(HttpServletRequest)
2025-05-10T01:43:07.672-05:00 DEBUG 22724 --- [WideGreenApi] [http-nio-8080-exec-3] m.m.a.RequestResponseBodyMethodProcessor : Using 'application/json', given [*/*] and supported [application/json]
2025-05-10T01:43:07.673-05:00 DEBUG 22724 --- [WideGreenApi] [http-nio-8080-exec-3] m.m.a.RequestResponseBodyMethodProcessor : Writing [{configUrl=/v3/api-docs/swagger-config, oauth2RedirectUrl=http://localhost:8080/swagger-ui/oauth2-re (truncated)...]
2025-05-10T01:43:07.673-05:00 DEBUG 22724 --- [WideGreenApi] [http-nio-8080-exec-4] o.s.security.web.FilterChainProxy        : Securing GET /swagger-ui/favicon-32x32.png
2025-05-10T01:43:07.673-05:00 DEBUG 22724 --- [WideGreenApi] [http-nio-8080-exec-3] o.s.web.servlet.DispatcherServlet        : Completed 200 OK
2025-05-10T01:43:07.673-05:00 DEBUG 22724 --- [WideGreenApi] [http-nio-8080-exec-4] o.s.security.web.FilterChainProxy        : Secured GET /swagger-ui/favicon-32x32.png
2025-05-10T01:43:07.673-05:00 DEBUG 22724 --- [WideGreenApi] [http-nio-8080-exec-3] o.s.s.w.a.AnonymousAuthenticationFilter  : Set SecurityContextHolder to anonymous SecurityContext
2025-05-10T01:43:07.673-05:00 DEBUG 22724 --- [WideGreenApi] [http-nio-8080-exec-4] o.s.web.servlet.DispatcherServlet        : GET "/swagger-ui/favicon-32x32.png", parameters={}
2025-05-10T01:43:07.674-05:00 DEBUG 22724 --- [WideGreenApi] [http-nio-8080-exec-4] o.s.w.s.handler.SimpleUrlHandlerMapping  : Mapped to ResourceHttpRequestHandler [classpath [META-INF/resources/webjars/]]
2025-05-10T01:43:07.675-05:00 DEBUG 22724 --- [WideGreenApi] [http-nio-8080-exec-4] o.s.web.servlet.DispatcherServlet        : Completed 304 NOT_MODIFIED
2025-05-10T01:43:07.675-05:00 DEBUG 22724 --- [WideGreenApi] [http-nio-8080-exec-4] o.s.s.w.a.AnonymousAuthenticationFilter  : Set SecurityContextHolder to anonymous SecurityContext
2025-05-10T01:43:07.693-05:00 DEBUG 22724 --- [WideGreenApi] [http-nio-8080-exec-1] o.s.security.web.FilterChainProxy        : Securing GET /v3/api-docs
2025-05-10T01:43:07.693-05:00 DEBUG 22724 --- [WideGreenApi] [http-nio-8080-exec-1] o.s.security.web.FilterChainProxy        : Secured GET /v3/api-docs
2025-05-10T01:43:07.693-05:00 DEBUG 22724 --- [WideGreenApi] [http-nio-8080-exec-1] o.s.web.servlet.DispatcherServlet        : GET "/v3/api-docs", parameters={}
2025-05-10T01:43:07.694-05:00 DEBUG 22724 --- [WideGreenApi] [http-nio-8080-exec-1] s.w.s.m.m.a.RequestMappingHandlerMapping : Mapped to org.springdoc.webmvc.api.OpenApiWebMvcResource#openapiJson(HttpServletRequest, String, Locale)
2025-05-10T01:43:07.751-05:00 DEBUG 22724 --- [WideGreenApi] [http-nio-8080-exec-1] .m.m.a.ExceptionHandlerExceptionResolver : Using @ExceptionHandler com.upc.widegreenapi.controller.GlobalExceptionHandler#handleGenericException(Exception)
2025-05-10T01:43:07.751-05:00 DEBUG 22724 --- [WideGreenApi] [http-nio-8080-exec-1] o.s.w.s.m.m.a.HttpEntityMethodProcessor  : Using 'application/json', given [application/json, */*] and supported [text/plain, */*, application/json, application/*+json, application/yaml]
2025-05-10T01:43:07.751-05:00 DEBUG 22724 --- [WideGreenApi] [http-nio-8080-exec-1] o.s.w.s.m.m.a.HttpEntityMethodProcessor  : Writing ["Ocurrió un error inesperado"]
2025-05-10T01:43:07.752-05:00  WARN 22724 --- [WideGreenApi] [http-nio-8080-exec-1] .m.m.a.ExceptionHandlerExceptionResolver : Resolved [jakarta.servlet.ServletException: Handler dispatch failed: java.lang.NoSuchMethodError: 'void org.springframework.web.method.ControllerAdviceBean.<init>(java.lang.Object)']
2025-05-10T01:43:07.753-05:00 DEBUG 22724 --- [WideGreenApi] [http-nio-8080-exec-1] o.s.web.servlet.DispatcherServlet        : Completed 500 INTERNAL_SERVER_ERROR
2025-05-10T01:43:07.753-05:00 DEBUG 22724 --- [WideGreenApi] [http-nio-8080-exec-1] o.s.s.w.a.AnonymousAuthenticationFilter  : Set SecurityContextHolder to anonymous SecurityContext
2025-05-10T01:43:15.701-05:00  INFO 22724 --- [WideGreenApi] [SpringApplicationShutdownHook] o.s.b.w.e.tomcat.GracefulShutdown        : Commencing graceful shutdown. Waiting for active requests to complete
2025-05-10T01:43:15.705-05:00  INFO 22724 --- [WideGreenApi] [tomcat-shutdown] o.s.b.w.e.tomcat.GracefulShutdown        : Graceful shutdown complete
2025-05-10T01:43:15.712-05:00  INFO 22724 --- [WideGreenApi] [SpringApplicationShutdownHook] j.LocalContainerEntityManagerFactoryBean : Closing JPA EntityManagerFactory for persistence unit 'default'
2025-05-10T01:43:15.716-05:00  INFO 22724 --- [WideGreenApi] [SpringApplicationShutdownHook] com.zaxxer.hikari.HikariDataSource       : HikariPool-1 - Shutdown initiated...
2025-05-10T01:43:15.722-05:00  INFO 22724 --- [WideGreenApi] [SpringApplicationShutdownHook] com.zaxxer.hikari.HikariDataSource       : HikariPool-1 - Shutdown completed.
2025-05-10T01:44:14.852-05:00  INFO 25488 --- [WideGreenApi] [restartedMain] c.u.w.WideGreenApiApplication            : Starting WideGreenApiApplication using Java 24 with PID 25488 (C:\Users\Gabriel\WideGreenApi\target\classes started by Gabriel in C:\Users\Gabriel\WideGreenApi)
2025-05-10T01:44:14.853-05:00  INFO 25488 --- [WideGreenApi] [restartedMain] c.u.w.WideGreenApiApplication            : No active profile set, falling back to 1 default profile: "default"
2025-05-10T01:44:14.892-05:00  INFO 25488 --- [WideGreenApi] [restartedMain] .e.DevToolsPropertyDefaultsPostProcessor : Devtools property defaults active! Set 'spring.devtools.add-properties' to 'false' to disable
2025-05-10T01:44:14.892-05:00  INFO 25488 --- [WideGreenApi] [restartedMain] .e.DevToolsPropertyDefaultsPostProcessor : For additional web related logging consider setting the 'logging.level.web' property to 'DEBUG'
2025-05-10T01:44:15.706-05:00  INFO 25488 --- [WideGreenApi] [restartedMain] .s.d.r.c.RepositoryConfigurationDelegate : Bootstrapping Spring Data JPA repositories in DEFAULT mode.
2025-05-10T01:44:15.777-05:00  INFO 25488 --- [WideGreenApi] [restartedMain] .s.d.r.c.RepositoryConfigurationDelegate : Finished Spring Data repository scanning in 63 ms. Found 11 JPA repository interfaces.
2025-05-10T01:44:16.161-05:00  INFO 25488 --- [WideGreenApi] [restartedMain] o.s.b.w.embedded.tomcat.TomcatWebServer  : Tomcat initialized with port 8080 (http)
2025-05-10T01:44:16.171-05:00  INFO 25488 --- [WideGreenApi] [restartedMain] o.apache.catalina.core.StandardService   : Starting service [Tomcat]
2025-05-10T01:44:16.171-05:00  INFO 25488 --- [WideGreenApi] [restartedMain] o.apache.catalina.core.StandardEngine    : Starting Servlet engine: [Apache Tomcat/10.1.40]
2025-05-10T01:44:16.200-05:00  INFO 25488 --- [WideGreenApi] [restartedMain] o.a.c.c.C.[Tomcat].[localhost].[/]       : Initializing Spring embedded WebApplicationContext
2025-05-10T01:44:16.201-05:00  INFO 25488 --- [WideGreenApi] [restartedMain] w.s.c.ServletWebServerApplicationContext : Root WebApplicationContext: initialization completed in 1307 ms
2025-05-10T01:44:16.288-05:00  INFO 25488 --- [WideGreenApi] [restartedMain] o.hibernate.jpa.internal.util.LogHelper  : HHH000204: Processing PersistenceUnitInfo [name: default]
2025-05-10T01:44:16.322-05:00  INFO 25488 --- [WideGreenApi] [restartedMain] org.hibernate.Version                    : HHH000412: Hibernate ORM core version 6.6.13.Final
2025-05-10T01:44:16.344-05:00  INFO 25488 --- [WideGreenApi] [restartedMain] o.h.c.internal.RegionFactoryInitiator    : HHH000026: Second-level cache disabled
2025-05-10T01:44:16.547-05:00  INFO 25488 --- [WideGreenApi] [restartedMain] o.s.o.j.p.SpringPersistenceUnitInfo      : No LoadTimeWeaver setup: ignoring JPA class transformer
2025-05-10T01:44:16.568-05:00  INFO 25488 --- [WideGreenApi] [restartedMain] com.zaxxer.hikari.HikariDataSource       : HikariPool-1 - Starting...
2025-05-10T01:44:16.677-05:00  INFO 25488 --- [WideGreenApi] [restartedMain] com.zaxxer.hikari.pool.HikariPool        : HikariPool-1 - Added connection org.postgresql.jdbc.PgConnection@3a4f87c7
2025-05-10T01:44:16.678-05:00  INFO 25488 --- [WideGreenApi] [restartedMain] com.zaxxer.hikari.HikariDataSource       : HikariPool-1 - Start completed.
2025-05-10T01:44:16.701-05:00  WARN 25488 --- [WideGreenApi] [restartedMain] org.hibernate.orm.deprecation            : HHH90000025: PostgreSQLDialect does not need to be specified explicitly using 'hibernate.dialect' (remove the property setting and it will be selected by default)
2025-05-10T01:44:16.712-05:00  INFO 25488 --- [WideGreenApi] [restartedMain] org.hibernate.orm.connections.pooling    : HHH10001005: Database info:
	Database JDBC URL [Connecting through datasource 'HikariDataSource (HikariPool-1)']
	Database driver: undefined/unknown
	Database version: 17.4
	Autocommit mode: undefined/unknown
	Isolation level: undefined/unknown
	Minimum pool size: undefined/unknown
	Maximum pool size: undefined/unknown
2025-05-10T01:44:17.565-05:00  INFO 25488 --- [WideGreenApi] [restartedMain] o.h.e.t.j.p.i.JtaPlatformInitiator       : HHH000489: No JTA platform available (set 'hibernate.transaction.jta.platform' to enable JTA platform integration)
2025-05-10T01:44:18.845-05:00  INFO 25488 --- [WideGreenApi] [restartedMain] j.LocalContainerEntityManagerFactoryBean : Initialized JPA EntityManagerFactory for persistence unit 'default'
2025-05-10T01:44:19.140-05:00  INFO 25488 --- [WideGreenApi] [restartedMain] r$InitializeUserDetailsManagerConfigurer : Global AuthenticationManager configured with UserDetailsService bean with name customUserDetailsService
2025-05-10T01:44:19.307-05:00  WARN 25488 --- [WideGreenApi] [restartedMain] JpaBaseConfiguration$JpaWebConfiguration : spring.jpa.open-in-view is enabled by default. Therefore, database queries may be performed during view rendering. Explicitly configure spring.jpa.open-in-view to disable this warning
2025-05-10T01:44:19.438-05:00 DEBUG 25488 --- [WideGreenApi] [restartedMain] s.w.s.m.m.a.RequestMappingHandlerMapping : 46 mappings in 'requestMappingHandlerMapping'
2025-05-10T01:44:19.487-05:00 DEBUG 25488 --- [WideGreenApi] [restartedMain] o.s.w.s.handler.SimpleUrlHandlerMapping  : Patterns [/webjars/**, /**, /swagger-ui*/*swagger-initializer.js, /swagger-ui*/**] in 'resourceHandlerMapping'
2025-05-10T01:44:19.511-05:00 DEBUG 25488 --- [WideGreenApi] [restartedMain] o.s.s.web.DefaultSecurityFilterChain     : Will secure any request with filters: DisableEncodeUrlFilter, WebAsyncManagerIntegrationFilter, SecurityContextHolderFilter, HeaderWriterFilter, LogoutFilter, JwtFilter, RequestCacheAwareFilter, SecurityContextHolderAwareRequestFilter, AnonymousAuthenticationFilter, ExceptionTranslationFilter, AuthorizationFilter
2025-05-10T01:44:19.530-05:00  INFO 25488 --- [WideGreenApi] [restartedMain] o.s.v.b.OptionalValidatorFactoryBean     : Failed to set up a Bean Validation provider: jakarta.validation.NoProviderFoundException: Unable to create a Configuration, because no Jakarta Bean Validation provider could be found. Add a provider like Hibernate Validator (RI) to your classpath.
2025-05-10T01:44:19.555-05:00 DEBUG 25488 --- [WideGreenApi] [restartedMain] s.w.s.m.m.a.RequestMappingHandlerAdapter : ControllerAdvice beans: 0 @ModelAttribute, 0 @InitBinder, 1 RequestBodyAdvice, 1 ResponseBodyAdvice
2025-05-10T01:44:19.586-05:00 DEBUG 25488 --- [WideGreenApi] [restartedMain] .m.m.a.ExceptionHandlerExceptionResolver : ControllerAdvice beans: 2 @ExceptionHandler, 1 ResponseBodyAdvice
2025-05-10T01:44:19.729-05:00  INFO 25488 --- [WideGreenApi] [restartedMain] o.s.b.d.a.OptionalLiveReloadServer       : LiveReload server is running on port 35729
2025-05-10T01:44:19.763-05:00  INFO 25488 --- [WideGreenApi] [restartedMain] o.s.b.w.embedded.tomcat.TomcatWebServer  : Tomcat started on port 8080 (http) with context path '/'
2025-05-10T01:44:19.770-05:00  INFO 25488 --- [WideGreenApi] [restartedMain] c.u.w.WideGreenApiApplication            : Started WideGreenApiApplication in 5.276 seconds (process running for 5.855)
2025-05-10T01:44:25.078-05:00  INFO 25488 --- [WideGreenApi] [http-nio-8080-exec-1] o.a.c.c.C.[Tomcat].[localhost].[/]       : Initializing Spring DispatcherServlet 'dispatcherServlet'
2025-05-10T01:44:25.079-05:00  INFO 25488 --- [WideGreenApi] [http-nio-8080-exec-1] o.s.web.servlet.DispatcherServlet        : Initializing Servlet 'dispatcherServlet'
2025-05-10T01:44:25.079-05:00 DEBUG 25488 --- [WideGreenApi] [http-nio-8080-exec-1] o.s.web.servlet.DispatcherServlet        : Detected StandardServletMultipartResolver
2025-05-10T01:44:25.079-05:00 DEBUG 25488 --- [WideGreenApi] [http-nio-8080-exec-1] o.s.web.servlet.DispatcherServlet        : Detected AcceptHeaderLocaleResolver
2025-05-10T01:44:25.079-05:00 DEBUG 25488 --- [WideGreenApi] [http-nio-8080-exec-1] o.s.web.servlet.DispatcherServlet        : Detected FixedThemeResolver
2025-05-10T01:44:25.080-05:00 DEBUG 25488 --- [WideGreenApi] [http-nio-8080-exec-1] o.s.web.servlet.DispatcherServlet        : Detected org.springframework.web.servlet.view.DefaultRequestToViewNameTranslator@6ff7a2bd
2025-05-10T01:44:25.080-05:00 DEBUG 25488 --- [WideGreenApi] [http-nio-8080-exec-1] o.s.web.servlet.DispatcherServlet        : Detected org.springframework.web.servlet.support.SessionFlashMapManager@32ce742b
2025-05-10T01:44:25.080-05:00 DEBUG 25488 --- [WideGreenApi] [http-nio-8080-exec-1] o.s.web.servlet.DispatcherServlet        : enableLoggingRequestDetails='false': request parameters and headers will be masked to prevent unsafe logging of potentially sensitive data
2025-05-10T01:44:25.080-05:00  INFO 25488 --- [WideGreenApi] [http-nio-8080-exec-1] o.s.web.servlet.DispatcherServlet        : Completed initialization in 1 ms
2025-05-10T01:44:25.093-05:00 DEBUG 25488 --- [WideGreenApi] [http-nio-8080-exec-1] o.s.security.web.FilterChainProxy        : Securing GET /swagger-ui/index.html
2025-05-10T01:44:25.098-05:00 DEBUG 25488 --- [WideGreenApi] [http-nio-8080-exec-1] o.s.security.web.FilterChainProxy        : Secured GET /swagger-ui/index.html
2025-05-10T01:44:25.099-05:00 DEBUG 25488 --- [WideGreenApi] [http-nio-8080-exec-1] o.s.web.servlet.DispatcherServlet        : GET "/swagger-ui/index.html", parameters={}
2025-05-10T01:44:25.102-05:00 DEBUG 25488 --- [WideGreenApi] [http-nio-8080-exec-1] o.s.w.s.handler.SimpleUrlHandlerMapping  : Mapped to ResourceHttpRequestHandler [classpath [META-INF/resources/webjars/]]
2025-05-10T01:44:25.122-05:00 DEBUG 25488 --- [WideGreenApi] [http-nio-8080-exec-1] o.s.web.servlet.DispatcherServlet        : Completed 200 OK
2025-05-10T01:44:25.123-05:00 DEBUG 25488 --- [WideGreenApi] [http-nio-8080-exec-1] o.s.s.w.a.AnonymousAuthenticationFilter  : Set SecurityContextHolder to anonymous SecurityContext
2025-05-10T01:44:25.145-05:00 DEBUG 25488 --- [WideGreenApi] [http-nio-8080-exec-3] o.s.security.web.FilterChainProxy        : Securing GET /swagger-ui/swagger-ui-standalone-preset.js
2025-05-10T01:44:25.145-05:00 DEBUG 25488 --- [WideGreenApi] [http-nio-8080-exec-2] o.s.security.web.FilterChainProxy        : Securing GET /swagger-ui/swagger-initializer.js
2025-05-10T01:44:25.145-05:00 DEBUG 25488 --- [WideGreenApi] [http-nio-8080-exec-4] o.s.security.web.FilterChainProxy        : Securing GET /swagger-ui/swagger-ui-bundle.js
2025-05-10T01:44:25.146-05:00 DEBUG 25488 --- [WideGreenApi] [http-nio-8080-exec-2] o.s.security.web.FilterChainProxy        : Secured GET /swagger-ui/swagger-initializer.js
2025-05-10T01:44:25.146-05:00 DEBUG 25488 --- [WideGreenApi] [http-nio-8080-exec-3] o.s.security.web.FilterChainProxy        : Secured GET /swagger-ui/swagger-ui-standalone-preset.js
2025-05-10T01:44:25.146-05:00 DEBUG 25488 --- [WideGreenApi] [http-nio-8080-exec-3] o.s.web.servlet.DispatcherServlet        : GET "/swagger-ui/swagger-ui-standalone-preset.js", parameters={}
2025-05-10T01:44:25.146-05:00 DEBUG 25488 --- [WideGreenApi] [http-nio-8080-exec-2] o.s.web.servlet.DispatcherServlet        : GET "/swagger-ui/swagger-initializer.js", parameters={}
2025-05-10T01:44:25.146-05:00 DEBUG 25488 --- [WideGreenApi] [http-nio-8080-exec-4] o.s.security.web.FilterChainProxy        : Secured GET /swagger-ui/swagger-ui-bundle.js
2025-05-10T01:44:25.146-05:00 DEBUG 25488 --- [WideGreenApi] [http-nio-8080-exec-4] o.s.web.servlet.DispatcherServlet        : GET "/swagger-ui/swagger-ui-bundle.js", parameters={}
2025-05-10T01:44:25.146-05:00 DEBUG 25488 --- [WideGreenApi] [http-nio-8080-exec-2] o.s.w.s.handler.SimpleUrlHandlerMapping  : Mapped to ResourceHttpRequestHandler [classpath [META-INF/resources/webjars/]]
2025-05-10T01:44:25.147-05:00 DEBUG 25488 --- [WideGreenApi] [http-nio-8080-exec-4] o.s.w.s.handler.SimpleUrlHandlerMapping  : Mapped to ResourceHttpRequestHandler [classpath [META-INF/resources/webjars/]]
2025-05-10T01:44:25.146-05:00 DEBUG 25488 --- [WideGreenApi] [http-nio-8080-exec-3] o.s.w.s.handler.SimpleUrlHandlerMapping  : Mapped to ResourceHttpRequestHandler [classpath [META-INF/resources/webjars/]]
2025-05-10T01:44:25.157-05:00 DEBUG 25488 --- [WideGreenApi] [http-nio-8080-exec-3] o.s.web.servlet.DispatcherServlet        : Completed 200 OK
2025-05-10T01:44:25.158-05:00 DEBUG 25488 --- [WideGreenApi] [http-nio-8080-exec-3] o.s.s.w.a.AnonymousAuthenticationFilter  : Set SecurityContextHolder to anonymous SecurityContext
2025-05-10T01:44:25.167-05:00 DEBUG 25488 --- [WideGreenApi] [http-nio-8080-exec-4] o.s.web.servlet.DispatcherServlet        : Completed 200 OK
2025-05-10T01:44:25.167-05:00 DEBUG 25488 --- [WideGreenApi] [http-nio-8080-exec-4] o.s.s.w.a.AnonymousAuthenticationFilter  : Set SecurityContextHolder to anonymous SecurityContext
2025-05-10T01:44:25.173-05:00 DEBUG 25488 --- [WideGreenApi] [http-nio-8080-exec-2] o.s.web.servlet.DispatcherServlet        : Completed 200 OK
2025-05-10T01:44:25.175-05:00 DEBUG 25488 --- [WideGreenApi] [http-nio-8080-exec-2] o.s.s.w.a.AnonymousAuthenticationFilter  : Set SecurityContextHolder to anonymous SecurityContext
2025-05-10T01:44:25.337-05:00 DEBUG 25488 --- [WideGreenApi] [http-nio-8080-exec-5] o.s.security.web.FilterChainProxy        : Securing GET /v3/api-docs/swagger-config
2025-05-10T01:44:25.338-05:00 DEBUG 25488 --- [WideGreenApi] [http-nio-8080-exec-5] o.s.security.web.FilterChainProxy        : Secured GET /v3/api-docs/swagger-config
2025-05-10T01:44:25.339-05:00 DEBUG 25488 --- [WideGreenApi] [http-nio-8080-exec-5] o.s.web.servlet.DispatcherServlet        : GET "/v3/api-docs/swagger-config", parameters={}
2025-05-10T01:44:25.339-05:00 DEBUG 25488 --- [WideGreenApi] [http-nio-8080-exec-5] s.w.s.m.m.a.RequestMappingHandlerMapping : Mapped to org.springdoc.webmvc.ui.SwaggerConfigResource#openapiJson(HttpServletRequest)
2025-05-10T01:44:25.358-05:00 DEBUG 25488 --- [WideGreenApi] [http-nio-8080-exec-5] m.m.a.RequestResponseBodyMethodProcessor : Using 'application/json', given [*/*] and supported [application/json]
2025-05-10T01:44:25.380-05:00 DEBUG 25488 --- [WideGreenApi] [http-nio-8080-exec-5] m.m.a.RequestResponseBodyMethodProcessor : Writing [{configUrl=/v3/api-docs/swagger-config, oauth2RedirectUrl=http://localhost:8080/swagger-ui/oauth2-re (truncated)...]
2025-05-10T01:44:25.385-05:00 DEBUG 25488 --- [WideGreenApi] [http-nio-8080-exec-5] o.s.web.servlet.DispatcherServlet        : Completed 200 OK
2025-05-10T01:44:25.386-05:00 DEBUG 25488 --- [WideGreenApi] [http-nio-8080-exec-5] o.s.s.w.a.AnonymousAuthenticationFilter  : Set SecurityContextHolder to anonymous SecurityContext
2025-05-10T01:44:25.409-05:00 DEBUG 25488 --- [WideGreenApi] [http-nio-8080-exec-9] o.s.security.web.FilterChainProxy        : Securing GET /v3/api-docs
2025-05-10T01:44:25.409-05:00 DEBUG 25488 --- [WideGreenApi] [http-nio-8080-exec-9] o.s.security.web.FilterChainProxy        : Secured GET /v3/api-docs
2025-05-10T01:44:25.410-05:00 DEBUG 25488 --- [WideGreenApi] [http-nio-8080-exec-9] o.s.web.servlet.DispatcherServlet        : GET "/v3/api-docs", parameters={}
2025-05-10T01:44:25.410-05:00 DEBUG 25488 --- [WideGreenApi] [http-nio-8080-exec-9] s.w.s.m.m.a.RequestMappingHandlerMapping : Mapped to org.springdoc.webmvc.api.OpenApiWebMvcResource#openapiJson(HttpServletRequest, String, Locale)
2025-05-10T01:44:25.850-05:00  INFO 25488 --- [WideGreenApi] [http-nio-8080-exec-9] o.springdoc.api.AbstractOpenApiResource  : Init duration for springdoc-openapi is: 429 ms
2025-05-10T01:44:25.866-05:00 DEBUG 25488 --- [WideGreenApi] [http-nio-8080-exec-9] m.m.a.RequestResponseBodyMethodProcessor : Using 'application/json', given [application/json, */*] and supported [application/json]
2025-05-10T01:44:25.868-05:00 DEBUG 25488 --- [WideGreenApi] [http-nio-8080-exec-9] m.m.a.RequestResponseBodyMethodProcessor : Writing [{123, 34, 111, 112, 101, 110, 97, 112, 105, 34, 58, 34, 51, 46, 49, 46, 48, 34, 44, 34, 105, 110, 10 (truncated)...]
2025-05-10T01:44:25.868-05:00 DEBUG 25488 --- [WideGreenApi] [http-nio-8080-exec-9] o.s.web.servlet.DispatcherServlet        : Completed 200 OK
2025-05-10T01:44:25.869-05:00 DEBUG 25488 --- [WideGreenApi] [http-nio-8080-exec-9] o.s.s.w.a.AnonymousAuthenticationFilter  : Set SecurityContextHolder to anonymous SecurityContext
2025-05-10T01:45:08.334-05:00  INFO 25488 --- [WideGreenApi] [SpringApplicationShutdownHook] o.s.b.w.e.tomcat.GracefulShutdown        : Commencing graceful shutdown. Waiting for active requests to complete
2025-05-10T01:45:08.339-05:00  INFO 25488 --- [WideGreenApi] [tomcat-shutdown] o.s.b.w.e.tomcat.GracefulShutdown        : Graceful shutdown complete
2025-05-10T01:45:08.346-05:00  INFO 25488 --- [WideGreenApi] [SpringApplicationShutdownHook] j.LocalContainerEntityManagerFactoryBean : Closing JPA EntityManagerFactory for persistence unit 'default'
2025-05-10T01:45:08.358-05:00  INFO 25488 --- [WideGreenApi] [SpringApplicationShutdownHook] com.zaxxer.hikari.HikariDataSource       : HikariPool-1 - Shutdown initiated...
2025-05-10T01:45:08.363-05:00  INFO 25488 --- [WideGreenApi] [SpringApplicationShutdownHook] com.zaxxer.hikari.HikariDataSource       : HikariPool-1 - Shutdown completed.
